[ 2018-01-06T12:27:57+08:00 ] 127.0.0.1 127.0.0.1 GET /tp5/index.php/admin/index/index
[ log ] 127.0.0.1/tp5/index.php/admin/index/index [运行时间：0.951751s][吞吐率：1.05req/s] [内存消耗：272.96kb] [文件加载：45]
[ info ] [ LANG ] /var/www/html/tp5/thinkphp/lang/zh-cn.php
[ info ] [ ROUTE ] array (
  'type' => 'module',
  'module' => 
  array (
    0 => 'admin',
    1 => 'index',
    2 => 'index',
  ),
)
[ info ] [ HEADER ] array (
  'host' => '127.0.0.1',
  'user-agent' => 'Mozilla/5.0 (X11; Ubuntu; Linux i686; rv:57.0) Gecko/20100101 Firefox/57.0',
  'accept' => 'text/html,application/xhtml+xml,application/xml;q=0.9,*/*;q=0.8',
  'accept-language' => 'zh-CN,zh;q=0.8,zh-TW;q=0.7,zh-HK;q=0.5,en-US;q=0.3,en;q=0.2',
  'accept-encoding' => 'gzip, deflate',
  'connection' => 'keep-alive',
  'upgrade-insecure-requests' => '1',
)
[ info ] [ PARAM ] array (
)
[ info ] [ RUN ] app\admin\controller\Index->index[ /var/www/html/tp5/application/admin/controller/Index.php ]
[ info ] [ VIEW ] /var/www/html/tp5/application/admin/view/index/index.html [ array (
) ]
[ info ] [ LOG ] INIT File

---------------------------------------------------------------
[ 2018-01-06T12:27:57+08:00 ] 127.0.0.1 127.0.0.1 GET /tp5/index.php/admin/index/index
[ log ] 127.0.0.1/tp5/index.php/admin/index/index [运行时间：0.001709s][吞吐率：585.06req/s] [内存消耗：204.45kb] [文件加载：45]
[ info ] [ LANG ] /var/www/html/tp5/thinkphp/lang/zh-cn.php
[ info ] [ ROUTE ] array (
  'type' => 'module',
  'module' => 
  array (
    0 => 'admin',
    1 => 'index',
    2 => 'index',
  ),
)
[ info ] [ HEADER ] array (
  'host' => '127.0.0.1',
  'user-agent' => 'Mozilla/5.0 (X11; Ubuntu; Linux i686; rv:57.0) Gecko/20100101 Firefox/57.0',
  'accept' => '*/*',
  'accept-language' => 'zh-CN,zh;q=0.8,zh-TW;q=0.7,zh-HK;q=0.5,en-US;q=0.3,en;q=0.2',
  'accept-encoding' => 'gzip, deflate',
  'referer' => 'http://127.0.0.1/tp5/index.php/admin/index/index',
  'connection' => 'keep-alive',
)
[ info ] [ PARAM ] array (
)
[ info ] [ RUN ] app\admin\controller\Index->index[ /var/www/html/tp5/application/admin/controller/Index.php ]
[ info ] [ VIEW ] /var/www/html/tp5/application/admin/view/index/index.html [ array (
) ]
[ info ] [ LOG ] INIT File

---------------------------------------------------------------
[ 2018-01-06T12:27:57+08:00 ] 127.0.0.1 127.0.0.1 GET /tp5/index.php/admin/index/index
[ log ] 127.0.0.1/tp5/index.php/admin/index/index [运行时间：0.001555s][吞吐率：643.10req/s] [内存消耗：204.45kb] [文件加载：45]
[ info ] [ LANG ] /var/www/html/tp5/thinkphp/lang/zh-cn.php
[ info ] [ ROUTE ] array (
  'type' => 'module',
  'module' => 
  array (
    0 => 'admin',
    1 => 'index',
    2 => 'index',
  ),
)
[ info ] [ HEADER ] array (
  'host' => '127.0.0.1',
  'user-agent' => 'Mozilla/5.0 (X11; Ubuntu; Linux i686; rv:57.0) Gecko/20100101 Firefox/57.0',
  'accept' => '*/*',
  'accept-language' => 'zh-CN,zh;q=0.8,zh-TW;q=0.7,zh-HK;q=0.5,en-US;q=0.3,en;q=0.2',
  'accept-encoding' => 'gzip, deflate',
  'referer' => 'http://127.0.0.1/tp5/index.php/admin/index/index',
  'connection' => 'keep-alive',
)
[ info ] [ PARAM ] array (
)
[ info ] [ RUN ] app\admin\controller\Index->index[ /var/www/html/tp5/application/admin/controller/Index.php ]
[ info ] [ VIEW ] /var/www/html/tp5/application/admin/view/index/index.html [ array (
) ]
[ info ] [ LOG ] INIT File

---------------------------------------------------------------
[ 2018-01-06T12:28:06+08:00 ] 127.0.0.1 127.0.0.1 GET /tp5/index.php/admin/login/
[ log ] 127.0.0.1/tp5/index.php/admin/login/ [运行时间：0.064868s][吞吐率：15.42req/s] [内存消耗：204.58kb] [文件加载：45]
[ info ] [ LANG ] /var/www/html/tp5/thinkphp/lang/zh-cn.php
[ info ] [ ROUTE ] array (
  'type' => 'module',
  'module' => 
  array (
    0 => 'admin',
    1 => 'login',
    2 => NULL,
  ),
)
[ info ] [ HEADER ] array (
  'host' => '127.0.0.1',
  'user-agent' => 'Mozilla/5.0 (X11; Ubuntu; Linux i686; rv:57.0) Gecko/20100101 Firefox/57.0',
  'accept' => 'text/html,application/xhtml+xml,application/xml;q=0.9,*/*;q=0.8',
  'accept-language' => 'zh-CN,zh;q=0.8,zh-TW;q=0.7,zh-HK;q=0.5,en-US;q=0.3,en;q=0.2',
  'accept-encoding' => 'gzip, deflate',
  'connection' => 'keep-alive',
  'upgrade-insecure-requests' => '1',
)
[ info ] [ PARAM ] array (
)
[ info ] [ RUN ] app\admin\controller\Login->index[ /var/www/html/tp5/application/admin/controller/Login.php ]
[ info ] [ VIEW ] /var/www/html/tp5/application/admin/view/login/index.html [ array (
) ]
[ info ] [ LOG ] INIT File

---------------------------------------------------------------
[ 2018-01-06T13:38:02+08:00 ] 127.0.0.1 127.0.0.1 GET /tp5/index.php/admin/login/
[ log ] 127.0.0.1/tp5/index.php/admin/login/ [运行时间：0.080389s][吞吐率：12.44req/s] [内存消耗：213.74kb] [文件加载：47]
[ info ] [ LANG ] /var/www/html/tp5/thinkphp/lang/zh-cn.php
[ info ] [ ROUTE ] array (
  'type' => 'module',
  'module' => 
  array (
    0 => 'admin',
    1 => 'login',
    2 => NULL,
  ),
)
[ info ] [ HEADER ] array (
  'host' => '127.0.0.1',
  'user-agent' => 'Mozilla/5.0 (X11; Ubuntu; Linux i686; rv:57.0) Gecko/20100101 Firefox/57.0',
  'accept' => 'text/html,application/xhtml+xml,application/xml;q=0.9,*/*;q=0.8',
  'accept-language' => 'zh-CN,zh;q=0.8,zh-TW;q=0.7,zh-HK;q=0.5,en-US;q=0.3,en;q=0.2',
  'accept-encoding' => 'gzip, deflate',
  'connection' => 'keep-alive',
  'upgrade-insecure-requests' => '1',
  'cache-control' => 'max-age=0',
)
[ info ] [ PARAM ] array (
)
[ info ] [ RUN ] app\admin\controller\Login->index[ /var/www/html/tp5/application/admin/controller/Login.php ]
[ info ] [ VIEW ] /var/www/html/tp5/application/admin/view/login/index.html [ array (
) ]
[ info ] [ LOG ] INIT File

---------------------------------------------------------------
[ 2018-01-06T13:38:22+08:00 ] 127.0.0.1 127.0.0.1 GET /tp5/index.php/admin/login/
[ log ] 127.0.0.1/tp5/index.php/admin/login/ [运行时间：0.011126s][吞吐率：89.88req/s] [内存消耗：211.96kb] [文件加载：47]
[ info ] [ LANG ] /var/www/html/tp5/thinkphp/lang/zh-cn.php
[ info ] [ ROUTE ] array (
  'type' => 'module',
  'module' => 
  array (
    0 => 'admin',
    1 => 'login',
    2 => NULL,
  ),
)
[ info ] [ HEADER ] array (
  'host' => '127.0.0.1',
  'user-agent' => 'Mozilla/5.0 (X11; Ubuntu; Linux i686; rv:57.0) Gecko/20100101 Firefox/57.0',
  'accept' => 'text/html,application/xhtml+xml,application/xml;q=0.9,*/*;q=0.8',
  'accept-language' => 'zh-CN,zh;q=0.8,zh-TW;q=0.7,zh-HK;q=0.5,en-US;q=0.3,en;q=0.2',
  'accept-encoding' => 'gzip, deflate',
  'connection' => 'keep-alive',
  'upgrade-insecure-requests' => '1',
  'cache-control' => 'max-age=0',
)
[ info ] [ PARAM ] array (
)
[ info ] [ RUN ] app\admin\controller\Login->index[ /var/www/html/tp5/application/admin/controller/Login.php ]
[ info ] [ VIEW ] /var/www/html/tp5/application/admin/view/login/index.html [ array (
) ]
[ info ] [ LOG ] INIT File

---------------------------------------------------------------
[ 2018-01-06T13:38:36+08:00 ] 127.0.0.1 127.0.0.1 GET /tp5/index.php/admin/login/
[ log ] 127.0.0.1/tp5/index.php/admin/login/ [运行时间：0.009216s][吞吐率：108.51req/s] [内存消耗：211.96kb] [文件加载：47]
[ info ] [ LANG ] /var/www/html/tp5/thinkphp/lang/zh-cn.php
[ info ] [ ROUTE ] array (
  'type' => 'module',
  'module' => 
  array (
    0 => 'admin',
    1 => 'login',
    2 => NULL,
  ),
)
[ info ] [ HEADER ] array (
  'host' => '127.0.0.1',
  'user-agent' => 'Mozilla/5.0 (X11; Ubuntu; Linux i686; rv:57.0) Gecko/20100101 Firefox/57.0',
  'accept' => 'text/html,application/xhtml+xml,application/xml;q=0.9,*/*;q=0.8',
  'accept-language' => 'zh-CN,zh;q=0.8,zh-TW;q=0.7,zh-HK;q=0.5,en-US;q=0.3,en;q=0.2',
  'accept-encoding' => 'gzip, deflate',
  'connection' => 'keep-alive',
  'upgrade-insecure-requests' => '1',
  'cache-control' => 'max-age=0',
)
[ info ] [ PARAM ] array (
)
[ info ] [ RUN ] app\admin\controller\Login->index[ /var/www/html/tp5/application/admin/controller/Login.php ]
[ info ] [ VIEW ] /var/www/html/tp5/application/admin/view/login/index.html [ array (
) ]
[ info ] [ LOG ] INIT File

---------------------------------------------------------------
[ 2018-01-06T13:52:53+08:00 ] 127.0.0.1 127.0.0.1 GET /tp5/index.php/admin/login/
[ log ] 127.0.0.1/tp5/index.php/admin/login/ [运行时间：0.166649s][吞吐率：6.00req/s] [内存消耗：212.96kb] [文件加载：47]
[ info ] [ LANG ] /var/www/html/tp5/thinkphp/lang/zh-cn.php
[ info ] [ ROUTE ] array (
  'type' => 'module',
  'module' => 
  array (
    0 => 'admin',
    1 => 'login',
    2 => NULL,
  ),
)
[ info ] [ HEADER ] array (
  'host' => '127.0.0.1',
  'user-agent' => 'Mozilla/5.0 (X11; Ubuntu; Linux i686; rv:57.0) Gecko/20100101 Firefox/57.0',
  'accept' => 'text/html,application/xhtml+xml,application/xml;q=0.9,*/*;q=0.8',
  'accept-language' => 'zh-CN,zh;q=0.8,zh-TW;q=0.7,zh-HK;q=0.5,en-US;q=0.3,en;q=0.2',
  'accept-encoding' => 'gzip, deflate',
  'connection' => 'keep-alive',
  'upgrade-insecure-requests' => '1',
  'cache-control' => 'max-age=0',
)
[ info ] [ PARAM ] array (
)
[ info ] [ RUN ] app\admin\controller\Login->index[ /var/www/html/tp5/application/admin/controller/Login.php ]
[ info ] [ VIEW ] /var/www/html/tp5/application/admin/view/login/index.html [ array (
) ]
[ info ] [ LOG ] INIT File

---------------------------------------------------------------
[ 2018-01-06T13:53:03+08:00 ] 127.0.0.1 127.0.0.1 GET /tp5/index.php/admin/login/
[ log ] 127.0.0.1/tp5/index.php/admin/login/ [运行时间：0.003592s][吞吐率：278.41req/s] [内存消耗：212.96kb] [文件加载：47]
[ info ] [ LANG ] /var/www/html/tp5/thinkphp/lang/zh-cn.php
[ info ] [ ROUTE ] array (
  'type' => 'module',
  'module' => 
  array (
    0 => 'admin',
    1 => 'login',
    2 => NULL,
  ),
)
[ info ] [ HEADER ] array (
  'host' => '127.0.0.1',
  'user-agent' => 'Mozilla/5.0 (X11; Ubuntu; Linux i686; rv:57.0) Gecko/20100101 Firefox/57.0',
  'accept' => 'text/html,application/xhtml+xml,application/xml;q=0.9,*/*;q=0.8',
  'accept-language' => 'zh-CN,zh;q=0.8,zh-TW;q=0.7,zh-HK;q=0.5,en-US;q=0.3,en;q=0.2',
  'accept-encoding' => 'gzip, deflate',
  'connection' => 'keep-alive',
  'upgrade-insecure-requests' => '1',
  'cache-control' => 'max-age=0',
)
[ info ] [ PARAM ] array (
)
[ info ] [ RUN ] app\admin\controller\Login->index[ /var/www/html/tp5/application/admin/controller/Login.php ]
[ info ] [ VIEW ] /var/www/html/tp5/application/admin/view/login/index.html [ array (
) ]
[ info ] [ LOG ] INIT File

---------------------------------------------------------------
[ 2018-01-06T13:53:17+08:00 ] 127.0.0.1 127.0.0.1 GET /tp5/index.php/admin/login/
[ log ] 127.0.0.1/tp5/index.php/admin/login/ [运行时间：0.004079s][吞吐率：245.15req/s] [内存消耗：212.96kb] [文件加载：47]
[ info ] [ LANG ] /var/www/html/tp5/thinkphp/lang/zh-cn.php
[ info ] [ ROUTE ] array (
  'type' => 'module',
  'module' => 
  array (
    0 => 'admin',
    1 => 'login',
    2 => NULL,
  ),
)
[ info ] [ HEADER ] array (
  'host' => '127.0.0.1',
  'user-agent' => 'Mozilla/5.0 (X11; Ubuntu; Linux i686; rv:57.0) Gecko/20100101 Firefox/57.0',
  'accept' => 'text/html,application/xhtml+xml,application/xml;q=0.9,*/*;q=0.8',
  'accept-language' => 'zh-CN,zh;q=0.8,zh-TW;q=0.7,zh-HK;q=0.5,en-US;q=0.3,en;q=0.2',
  'accept-encoding' => 'gzip, deflate',
  'connection' => 'keep-alive',
  'upgrade-insecure-requests' => '1',
  'cache-control' => 'max-age=0',
)
[ info ] [ PARAM ] array (
)
[ info ] [ RUN ] app\admin\controller\Login->index[ /var/www/html/tp5/application/admin/controller/Login.php ]
[ info ] [ VIEW ] /var/www/html/tp5/application/admin/view/login/index.html [ array (
) ]
[ info ] [ LOG ] INIT File

---------------------------------------------------------------
[ 2018-01-06T13:54:55+08:00 ] 127.0.0.1 127.0.0.1 GET /tp5/index.php/admin/login/
[ log ] 127.0.0.1/tp5/index.php/admin/login/ [运行时间：0.002901s][吞吐率：344.70req/s] [内存消耗：212.96kb] [文件加载：47]
[ info ] [ LANG ] /var/www/html/tp5/thinkphp/lang/zh-cn.php
[ info ] [ ROUTE ] array (
  'type' => 'module',
  'module' => 
  array (
    0 => 'admin',
    1 => 'login',
    2 => NULL,
  ),
)
[ info ] [ HEADER ] array (
  'host' => '127.0.0.1',
  'user-agent' => 'Mozilla/5.0 (X11; Ubuntu; Linux i686; rv:57.0) Gecko/20100101 Firefox/57.0',
  'accept' => 'text/html,application/xhtml+xml,application/xml;q=0.9,*/*;q=0.8',
  'accept-language' => 'zh-CN,zh;q=0.8,zh-TW;q=0.7,zh-HK;q=0.5,en-US;q=0.3,en;q=0.2',
  'accept-encoding' => 'gzip, deflate',
  'connection' => 'keep-alive',
  'upgrade-insecure-requests' => '1',
  'cache-control' => 'max-age=0',
)
[ info ] [ PARAM ] array (
)
[ info ] [ RUN ] app\admin\controller\Login->index[ /var/www/html/tp5/application/admin/controller/Login.php ]
[ info ] [ VIEW ] /var/www/html/tp5/application/admin/view/login/index.html [ array (
) ]
[ info ] [ LOG ] INIT File

---------------------------------------------------------------
[ 2018-01-06T13:56:06+08:00 ] 127.0.0.1 127.0.0.1 GET /tp5/index.php/admin/login/
[ log ] 127.0.0.1/tp5/index.php/admin/login/ [运行时间：0.002684s][吞吐率：372.56req/s] [内存消耗：212.96kb] [文件加载：47]
[ info ] [ LANG ] /var/www/html/tp5/thinkphp/lang/zh-cn.php
[ info ] [ ROUTE ] array (
  'type' => 'module',
  'module' => 
  array (
    0 => 'admin',
    1 => 'login',
    2 => NULL,
  ),
)
[ info ] [ HEADER ] array (
  'host' => '127.0.0.1',
  'user-agent' => 'Mozilla/5.0 (X11; Ubuntu; Linux i686; rv:57.0) Gecko/20100101 Firefox/57.0',
  'accept' => 'text/html,application/xhtml+xml,application/xml;q=0.9,*/*;q=0.8',
  'accept-language' => 'zh-CN,zh;q=0.8,zh-TW;q=0.7,zh-HK;q=0.5,en-US;q=0.3,en;q=0.2',
  'accept-encoding' => 'gzip, deflate',
  'connection' => 'keep-alive',
  'upgrade-insecure-requests' => '1',
  'cache-control' => 'max-age=0',
)
[ info ] [ PARAM ] array (
)
[ info ] [ RUN ] app\admin\controller\Login->index[ /var/www/html/tp5/application/admin/controller/Login.php ]
[ info ] [ VIEW ] /var/www/html/tp5/application/admin/view/login/index.html [ array (
) ]
[ info ] [ LOG ] INIT File

---------------------------------------------------------------
[ 2018-01-06T13:56:13+08:00 ] 127.0.0.1 127.0.0.1 GET /tp5/index.php/admin/login/
[ log ] 127.0.0.1/tp5/index.php/admin/login/ [运行时间：0.002929s][吞吐率：341.42req/s] [内存消耗：212.96kb] [文件加载：47]
[ info ] [ LANG ] /var/www/html/tp5/thinkphp/lang/zh-cn.php
[ info ] [ ROUTE ] array (
  'type' => 'module',
  'module' => 
  array (
    0 => 'admin',
    1 => 'login',
    2 => NULL,
  ),
)
[ info ] [ HEADER ] array (
  'host' => '127.0.0.1',
  'user-agent' => 'Mozilla/5.0 (X11; Ubuntu; Linux i686; rv:57.0) Gecko/20100101 Firefox/57.0',
  'accept' => 'text/html,application/xhtml+xml,application/xml;q=0.9,*/*;q=0.8',
  'accept-language' => 'zh-CN,zh;q=0.8,zh-TW;q=0.7,zh-HK;q=0.5,en-US;q=0.3,en;q=0.2',
  'accept-encoding' => 'gzip, deflate',
  'connection' => 'keep-alive',
  'upgrade-insecure-requests' => '1',
  'cache-control' => 'max-age=0',
)
[ info ] [ PARAM ] array (
)
[ info ] [ RUN ] app\admin\controller\Login->index[ /var/www/html/tp5/application/admin/controller/Login.php ]
[ info ] [ VIEW ] /var/www/html/tp5/application/admin/view/login/index.html [ array (
) ]
[ info ] [ LOG ] INIT File

---------------------------------------------------------------
[ 2018-01-06T13:56:18+08:00 ] 127.0.0.1 127.0.0.1 GET /tp5/index.php/admin/login/
[ log ] 127.0.0.1/tp5/index.php/admin/login/ [运行时间：0.002938s][吞吐率：340.36req/s] [内存消耗：212.96kb] [文件加载：47]
[ info ] [ LANG ] /var/www/html/tp5/thinkphp/lang/zh-cn.php
[ info ] [ ROUTE ] array (
  'type' => 'module',
  'module' => 
  array (
    0 => 'admin',
    1 => 'login',
    2 => NULL,
  ),
)
[ info ] [ HEADER ] array (
  'host' => '127.0.0.1',
  'user-agent' => 'Mozilla/5.0 (X11; Ubuntu; Linux i686; rv:57.0) Gecko/20100101 Firefox/57.0',
  'accept' => 'text/html,application/xhtml+xml,application/xml;q=0.9,*/*;q=0.8',
  'accept-language' => 'zh-CN,zh;q=0.8,zh-TW;q=0.7,zh-HK;q=0.5,en-US;q=0.3,en;q=0.2',
  'accept-encoding' => 'gzip, deflate',
  'connection' => 'keep-alive',
  'upgrade-insecure-requests' => '1',
  'cache-control' => 'max-age=0',
)
[ info ] [ PARAM ] array (
)
[ info ] [ RUN ] app\admin\controller\Login->index[ /var/www/html/tp5/application/admin/controller/Login.php ]
[ info ] [ VIEW ] /var/www/html/tp5/application/admin/view/login/index.html [ array (
) ]
[ info ] [ LOG ] INIT File

---------------------------------------------------------------
[ 2018-01-06T13:56:34+08:00 ] 127.0.0.1 127.0.0.1 GET /tp5/index.php/admin/login/
[ log ] 127.0.0.1/tp5/index.php/admin/login/ [运行时间：0.002544s][吞吐率：393.06req/s] [内存消耗：212.96kb] [文件加载：47]
[ info ] [ LANG ] /var/www/html/tp5/thinkphp/lang/zh-cn.php
[ info ] [ ROUTE ] array (
  'type' => 'module',
  'module' => 
  array (
    0 => 'admin',
    1 => 'login',
    2 => NULL,
  ),
)
[ info ] [ HEADER ] array (
  'host' => '127.0.0.1',
  'user-agent' => 'Mozilla/5.0 (X11; Ubuntu; Linux i686; rv:57.0) Gecko/20100101 Firefox/57.0',
  'accept' => 'text/html,application/xhtml+xml,application/xml;q=0.9,*/*;q=0.8',
  'accept-language' => 'zh-CN,zh;q=0.8,zh-TW;q=0.7,zh-HK;q=0.5,en-US;q=0.3,en;q=0.2',
  'accept-encoding' => 'gzip, deflate',
  'connection' => 'keep-alive',
  'upgrade-insecure-requests' => '1',
  'cache-control' => 'max-age=0',
)
[ info ] [ PARAM ] array (
)
[ info ] [ RUN ] app\admin\controller\Login->index[ /var/www/html/tp5/application/admin/controller/Login.php ]
[ info ] [ VIEW ] /var/www/html/tp5/application/admin/view/login/index.html [ array (
) ]
[ info ] [ LOG ] INIT File

---------------------------------------------------------------
[ 2018-01-06T13:56:46+08:00 ] 127.0.0.1 127.0.0.1 GET /tp5/index.php/admin/login/
[ log ] 127.0.0.1/tp5/index.php/admin/login/ [运行时间：0.002568s][吞吐率：389.41req/s] [内存消耗：212.96kb] [文件加载：47]
[ info ] [ LANG ] /var/www/html/tp5/thinkphp/lang/zh-cn.php
[ info ] [ ROUTE ] array (
  'type' => 'module',
  'module' => 
  array (
    0 => 'admin',
    1 => 'login',
    2 => NULL,
  ),
)
[ info ] [ HEADER ] array (
  'host' => '127.0.0.1',
  'user-agent' => 'Mozilla/5.0 (X11; Ubuntu; Linux i686; rv:57.0) Gecko/20100101 Firefox/57.0',
  'accept' => 'text/html,application/xhtml+xml,application/xml;q=0.9,*/*;q=0.8',
  'accept-language' => 'zh-CN,zh;q=0.8,zh-TW;q=0.7,zh-HK;q=0.5,en-US;q=0.3,en;q=0.2',
  'accept-encoding' => 'gzip, deflate',
  'connection' => 'keep-alive',
  'upgrade-insecure-requests' => '1',
  'cache-control' => 'max-age=0',
)
[ info ] [ PARAM ] array (
)
[ info ] [ RUN ] app\admin\controller\Login->index[ /var/www/html/tp5/application/admin/controller/Login.php ]
[ info ] [ VIEW ] /var/www/html/tp5/application/admin/view/login/index.html [ array (
) ]
[ info ] [ LOG ] INIT File

---------------------------------------------------------------
[ 2018-01-06T13:57:44+08:00 ] 127.0.0.1 127.0.0.1 GET /tp5/index.php/admin/login/
[ log ] 127.0.0.1/tp5/index.php/admin/login/ [运行时间：0.003106s][吞吐率：321.95req/s] [内存消耗：212.96kb] [文件加载：47]
[ info ] [ LANG ] /var/www/html/tp5/thinkphp/lang/zh-cn.php
[ info ] [ ROUTE ] array (
  'type' => 'module',
  'module' => 
  array (
    0 => 'admin',
    1 => 'login',
    2 => NULL,
  ),
)
[ info ] [ HEADER ] array (
  'host' => '127.0.0.1',
  'user-agent' => 'Mozilla/5.0 (X11; Ubuntu; Linux i686; rv:57.0) Gecko/20100101 Firefox/57.0',
  'accept' => 'text/html,application/xhtml+xml,application/xml;q=0.9,*/*;q=0.8',
  'accept-language' => 'zh-CN,zh;q=0.8,zh-TW;q=0.7,zh-HK;q=0.5,en-US;q=0.3,en;q=0.2',
  'accept-encoding' => 'gzip, deflate',
  'connection' => 'keep-alive',
  'upgrade-insecure-requests' => '1',
  'cache-control' => 'max-age=0',
)
[ info ] [ PARAM ] array (
)
[ info ] [ RUN ] app\admin\controller\Login->index[ /var/www/html/tp5/application/admin/controller/Login.php ]
[ info ] [ VIEW ] /var/www/html/tp5/application/admin/view/login/index.html [ array (
) ]
[ info ] [ LOG ] INIT File

---------------------------------------------------------------
[ 2018-01-06T13:58:05+08:00 ] 127.0.0.1 127.0.0.1 GET /tp5/index.php/admin/login/
[ log ] 127.0.0.1/tp5/index.php/admin/login/ [运行时间：0.002996s][吞吐率：333.78req/s] [内存消耗：212.96kb] [文件加载：47]
[ info ] [ LANG ] /var/www/html/tp5/thinkphp/lang/zh-cn.php
[ info ] [ ROUTE ] array (
  'type' => 'module',
  'module' => 
  array (
    0 => 'admin',
    1 => 'login',
    2 => NULL,
  ),
)
[ info ] [ HEADER ] array (
  'host' => '127.0.0.1',
  'user-agent' => 'Mozilla/5.0 (X11; Ubuntu; Linux i686; rv:57.0) Gecko/20100101 Firefox/57.0',
  'accept' => 'text/html,application/xhtml+xml,application/xml;q=0.9,*/*;q=0.8',
  'accept-language' => 'zh-CN,zh;q=0.8,zh-TW;q=0.7,zh-HK;q=0.5,en-US;q=0.3,en;q=0.2',
  'accept-encoding' => 'gzip, deflate',
  'connection' => 'keep-alive',
  'upgrade-insecure-requests' => '1',
  'cache-control' => 'max-age=0',
)
[ info ] [ PARAM ] array (
)
[ info ] [ RUN ] app\admin\controller\Login->index[ /var/www/html/tp5/application/admin/controller/Login.php ]
[ info ] [ VIEW ] /var/www/html/tp5/application/admin/view/login/index.html [ array (
) ]
[ info ] [ LOG ] INIT File

---------------------------------------------------------------
[ 2018-01-06T13:58:20+08:00 ] 127.0.0.1 127.0.0.1 GET /tp5/index.php/admin/login/
[ log ] 127.0.0.1/tp5/index.php/admin/login/ [运行时间：0.002362s][吞吐率：423.37req/s] [内存消耗：212.96kb] [文件加载：47]
[ info ] [ LANG ] /var/www/html/tp5/thinkphp/lang/zh-cn.php
[ info ] [ ROUTE ] array (
  'type' => 'module',
  'module' => 
  array (
    0 => 'admin',
    1 => 'login',
    2 => NULL,
  ),
)
[ info ] [ HEADER ] array (
  'host' => '127.0.0.1',
  'user-agent' => 'Mozilla/5.0 (X11; Ubuntu; Linux i686; rv:57.0) Gecko/20100101 Firefox/57.0',
  'accept' => 'text/html,application/xhtml+xml,application/xml;q=0.9,*/*;q=0.8',
  'accept-language' => 'zh-CN,zh;q=0.8,zh-TW;q=0.7,zh-HK;q=0.5,en-US;q=0.3,en;q=0.2',
  'accept-encoding' => 'gzip, deflate',
  'connection' => 'keep-alive',
  'upgrade-insecure-requests' => '1',
  'cache-control' => 'max-age=0',
)
[ info ] [ PARAM ] array (
)
[ info ] [ RUN ] app\admin\controller\Login->index[ /var/www/html/tp5/application/admin/controller/Login.php ]
[ info ] [ VIEW ] /var/www/html/tp5/application/admin/view/login/index.html [ array (
) ]
[ info ] [ LOG ] INIT File

---------------------------------------------------------------
[ 2018-01-06T16:35:11+08:00 ] 127.0.0.1 127.0.0.1 GET /tp5/index.php/admin/index/index
[ log ] 127.0.0.1/tp5/index.php/admin/index/index [运行时间：0.548203s][吞吐率：1.82req/s] [内存消耗：204.48kb] [文件加载：45]
[ info ] [ LANG ] /var/www/html/tp5/thinkphp/lang/zh-cn.php
[ info ] [ ROUTE ] array (
  'type' => 'module',
  'module' => 
  array (
    0 => 'admin',
    1 => 'index',
    2 => 'index',
  ),
)
[ info ] [ HEADER ] array (
  'host' => '127.0.0.1',
  'user-agent' => 'Mozilla/5.0 (X11; Ubuntu; Linux i686; rv:57.0) Gecko/20100101 Firefox/57.0',
  'accept' => 'text/html,application/xhtml+xml,application/xml;q=0.9,*/*;q=0.8',
  'accept-language' => 'zh-CN,zh;q=0.8,zh-TW;q=0.7,zh-HK;q=0.5,en-US;q=0.3,en;q=0.2',
  'accept-encoding' => 'gzip, deflate',
  'connection' => 'keep-alive',
  'upgrade-insecure-requests' => '1',
)
[ info ] [ PARAM ] array (
)
[ info ] [ RUN ] app\admin\controller\Index->index[ /var/www/html/tp5/application/admin/controller/Index.php ]
[ info ] [ VIEW ] /var/www/html/tp5/application/admin/view/index/index.html [ array (
) ]
[ info ] [ LOG ] INIT File

---------------------------------------------------------------
[ 2018-01-06T16:35:11+08:00 ] 127.0.0.1 127.0.0.1 GET /tp5/index.php/admin/login/
[ log ] 127.0.0.1/tp5/index.php/admin/login/ [运行时间：0.635022s][吞吐率：1.57req/s] [内存消耗：204.31kb] [文件加载：45]
[ info ] [ LANG ] /var/www/html/tp5/thinkphp/lang/zh-cn.php
[ info ] [ ROUTE ] array (
  'type' => 'module',
  'module' => 
  array (
    0 => 'admin',
    1 => 'login',
    2 => NULL,
  ),
)
[ info ] [ HEADER ] array (
  'host' => '127.0.0.1',
  'user-agent' => 'Mozilla/5.0 (X11; Ubuntu; Linux i686; rv:57.0) Gecko/20100101 Firefox/57.0',
  'accept' => 'text/html,application/xhtml+xml,application/xml;q=0.9,*/*;q=0.8',
  'accept-language' => 'zh-CN,zh;q=0.8,zh-TW;q=0.7,zh-HK;q=0.5,en-US;q=0.3,en;q=0.2',
  'accept-encoding' => 'gzip, deflate',
  'connection' => 'keep-alive',
  'upgrade-insecure-requests' => '1',
)
[ info ] [ PARAM ] array (
)
[ info ] [ RUN ] app\admin\controller\Login->index[ /var/www/html/tp5/application/admin/controller/Login.php ]
[ info ] [ VIEW ] /var/www/html/tp5/application/admin/view/login/index.html [ array (
) ]
[ info ] [ LOG ] INIT File

---------------------------------------------------------------
[ 2018-01-06T16:35:35+08:00 ] 127.0.0.1 127.0.0.1 GET /tp5/index.php/admin/login/
[ log ] 127.0.0.1/tp5/index.php/admin/login/ [运行时间：0.017238s][吞吐率：58.01req/s] [内存消耗：212.96kb] [文件加载：47]
[ info ] [ LANG ] /var/www/html/tp5/thinkphp/lang/zh-cn.php
[ info ] [ ROUTE ] array (
  'type' => 'module',
  'module' => 
  array (
    0 => 'admin',
    1 => 'login',
    2 => NULL,
  ),
)
[ info ] [ HEADER ] array (
  'host' => '127.0.0.1',
  'user-agent' => 'Mozilla/5.0 (X11; Ubuntu; Linux i686; rv:57.0) Gecko/20100101 Firefox/57.0',
  'accept' => 'text/html,application/xhtml+xml,application/xml;q=0.9,*/*;q=0.8',
  'accept-language' => 'zh-CN,zh;q=0.8,zh-TW;q=0.7,zh-HK;q=0.5,en-US;q=0.3,en;q=0.2',
  'accept-encoding' => 'gzip, deflate',
  'connection' => 'keep-alive',
  'upgrade-insecure-requests' => '1',
  'cache-control' => 'max-age=0',
)
[ info ] [ PARAM ] array (
)
[ info ] [ RUN ] app\admin\controller\Login->index[ /var/www/html/tp5/application/admin/controller/Login.php ]
[ info ] [ VIEW ] /var/www/html/tp5/application/admin/view/login/index.html [ array (
) ]
[ info ] [ LOG ] INIT File

---------------------------------------------------------------
[ 2018-01-06T16:35:47+08:00 ] 127.0.0.1 127.0.0.1 GET /tp5/index.php/admin/index/
[ log ] 127.0.0.1/tp5/index.php/admin/index/ [运行时间：0.002086s][吞吐率：479.35req/s] [内存消耗：204.44kb] [文件加载：45]
[ info ] [ LANG ] /var/www/html/tp5/thinkphp/lang/zh-cn.php
[ info ] [ ROUTE ] array (
  'type' => 'module',
  'module' => 
  array (
    0 => 'admin',
    1 => 'index',
    2 => NULL,
  ),
)
[ info ] [ HEADER ] array (
  'host' => '127.0.0.1',
  'user-agent' => 'Mozilla/5.0 (X11; Ubuntu; Linux i686; rv:57.0) Gecko/20100101 Firefox/57.0',
  'accept' => 'text/html,application/xhtml+xml,application/xml;q=0.9,*/*;q=0.8',
  'accept-language' => 'zh-CN,zh;q=0.8,zh-TW;q=0.7,zh-HK;q=0.5,en-US;q=0.3,en;q=0.2',
  'accept-encoding' => 'gzip, deflate',
  'connection' => 'keep-alive',
  'upgrade-insecure-requests' => '1',
)
[ info ] [ PARAM ] array (
)
[ info ] [ RUN ] app\admin\controller\Index->index[ /var/www/html/tp5/application/admin/controller/Index.php ]
[ info ] [ VIEW ] /var/www/html/tp5/application/admin/view/index/index.html [ array (
) ]
[ info ] [ LOG ] INIT File

---------------------------------------------------------------
[ 2018-01-06T16:35:47+08:00 ] 127.0.0.1 127.0.0.1 GET /tp5/index.php/admin/index/
[ log ] 127.0.0.1/tp5/index.php/admin/index/ [运行时间：0.001595s][吞吐率：626.95req/s] [内存消耗：204.40kb] [文件加载：45]
[ info ] [ LANG ] /var/www/html/tp5/thinkphp/lang/zh-cn.php
[ info ] [ ROUTE ] array (
  'type' => 'module',
  'module' => 
  array (
    0 => 'admin',
    1 => 'index',
    2 => NULL,
  ),
)
[ info ] [ HEADER ] array (
  'host' => '127.0.0.1',
  'user-agent' => 'Mozilla/5.0 (X11; Ubuntu; Linux i686; rv:57.0) Gecko/20100101 Firefox/57.0',
  'accept' => '*/*',
  'accept-language' => 'zh-CN,zh;q=0.8,zh-TW;q=0.7,zh-HK;q=0.5,en-US;q=0.3,en;q=0.2',
  'accept-encoding' => 'gzip, deflate',
  'referer' => 'http://127.0.0.1/tp5/index.php/admin/index/',
  'connection' => 'keep-alive',
)
[ info ] [ PARAM ] array (
)
[ info ] [ RUN ] app\admin\controller\Index->index[ /var/www/html/tp5/application/admin/controller/Index.php ]
[ info ] [ VIEW ] /var/www/html/tp5/application/admin/view/index/index.html [ array (
) ]
[ info ] [ LOG ] INIT File

---------------------------------------------------------------
[ 2018-01-06T16:35:47+08:00 ] 127.0.0.1 127.0.0.1 GET /tp5/index.php/admin/index/
[ log ] 127.0.0.1/tp5/index.php/admin/index/ [运行时间：0.001500s][吞吐率：666.61req/s] [内存消耗：204.40kb] [文件加载：45]
[ info ] [ LANG ] /var/www/html/tp5/thinkphp/lang/zh-cn.php
[ info ] [ ROUTE ] array (
  'type' => 'module',
  'module' => 
  array (
    0 => 'admin',
    1 => 'index',
    2 => NULL,
  ),
)
[ info ] [ HEADER ] array (
  'host' => '127.0.0.1',
  'user-agent' => 'Mozilla/5.0 (X11; Ubuntu; Linux i686; rv:57.0) Gecko/20100101 Firefox/57.0',
  'accept' => '*/*',
  'accept-language' => 'zh-CN,zh;q=0.8,zh-TW;q=0.7,zh-HK;q=0.5,en-US;q=0.3,en;q=0.2',
  'accept-encoding' => 'gzip, deflate',
  'referer' => 'http://127.0.0.1/tp5/index.php/admin/index/',
  'connection' => 'keep-alive',
)
[ info ] [ PARAM ] array (
)
[ info ] [ RUN ] app\admin\controller\Index->index[ /var/www/html/tp5/application/admin/controller/Index.php ]
[ info ] [ VIEW ] /var/www/html/tp5/application/admin/view/index/index.html [ array (
) ]
[ info ] [ LOG ] INIT File

---------------------------------------------------------------
